d:\hqam\zhouyouaccelerator\zhouyouaccelerator\x64\release\aboutzhouyouwidget.obj
d:\hqam\zhouyouaccelerator\zhouyouaccelerator\x64\release\logininterface.obj
d:\hqam\zhouyouaccelerator\zhouyouaccelerator\x64\release\stationinformationwidget.obj
d:\hqam\zhouyouaccelerator\zhouyouaccelerator\x64\release\chageuseraccountwidget.obj
d:\hqam\zhouyouaccelerator\zhouyouaccelerator\x64\release\stationdetailsinfomationwidget.obj
d:\hqam\zhouyouaccelerator\zhouyouaccelerator\x64\release\systemsettingwidget.obj
d:\hqam\zhouyouaccelerator\zhouyouaccelerator\x64\release\feedbackwidget.obj
d:\hqam\zhouyouaccelerator\zhouyouaccelerator\x64\release\main.obj
d:\hqam\zhouyouaccelerator\zhouyouaccelerator\x64\release\zhouyouaccelerator.obj
d:\hqam\zhouyouaccelerator\zhouyouaccelerator\x64\release\interfaceapi.obj
d:\hqam\zhouyouaccelerator\zhouyouaccelerator\x64\release\personalcenterwidget.obj
d:\hqam\zhouyouaccelerator\zhouyouaccelerator\x64\release\qrc_image.obj
d:\hqam\zhouyouaccelerator\zhouyouaccelerator\x64\release\moc_personalcenterwidget.obj
d:\hqam\zhouyouaccelerator\zhouyouaccelerator\x64\release\moc_stationdetailsinfomationwidget.obj
d:\hqam\zhouyouaccelerator\zhouyouaccelerator\x64\release\moc_aboutzhouyouwidget.obj
d:\hqam\zhouyouaccelerator\zhouyouaccelerator\x64\release\moc_systemsettingwidget.obj
d:\hqam\zhouyouaccelerator\zhouyouaccelerator\x64\release\moc_interfaceapi.obj
d:\hqam\zhouyouaccelerator\zhouyouaccelerator\x64\release\moc_zhouyouaccelerator.obj
d:\hqam\zhouyouaccelerator\zhouyouaccelerator\x64\release\moc_chageuseraccountwidget.obj
d:\hqam\zhouyouaccelerator\zhouyouaccelerator\x64\release\qrc_zhouyouaccelerator.obj
d:\hqam\zhouyouaccelerator\zhouyouaccelerator\x64\release\moc_feedbackwidget.obj
d:\hqam\zhouyouaccelerator\zhouyouaccelerator\x64\release\moc_logininterface.obj
d:\hqam\zhouyouaccelerator\zhouyouaccelerator\x64\release\moc_stationinformationwidget.obj
d:\hqam\zhouyouaccelerator\x64\release\zhouyouaccelerator.exe
d:\hqam\zhouyouaccelerator\zhouyouaccelerator\x64\release\\moc\moc_zhouyouaccelerator.cpp
d:\hqam\zhouyouaccelerator\zhouyouaccelerator\x64\release\\moc\moc_aboutzhouyouwidget.cpp
d:\hqam\zhouyouaccelerator\zhouyouaccelerator\x64\release\\moc\moc_feedbackwidget.cpp
d:\hqam\zhouyouaccelerator\zhouyouaccelerator\x64\release\\moc\moc_systemsettingwidget.cpp
d:\hqam\zhouyouaccelerator\zhouyouaccelerator\x64\release\\moc\moc_logininterface.cpp
d:\hqam\zhouyouaccelerator\zhouyouaccelerator\x64\release\\moc\moc_personalcenterwidget.cpp
d:\hqam\zhouyouaccelerator\zhouyouaccelerator\x64\release\\moc\moc_chageuseraccountwidget.cpp
d:\hqam\zhouyouaccelerator\zhouyouaccelerator\x64\release\\moc\moc_interfaceapi.cpp
d:\hqam\zhouyouaccelerator\zhouyouaccelerator\x64\release\\moc\moc_stationinformationwidget.cpp
d:\hqam\zhouyouaccelerator\zhouyouaccelerator\x64\release\\moc\moc_stationdetailsinfomationwidget.cpp
d:\hqam\zhouyouaccelerator\zhouyouaccelerator\x64\release\\rcc\qrc_image.cpp
d:\hqam\zhouyouaccelerator\zhouyouaccelerator\x64\release\\rcc\qrc_zhouyouaccelerator.cpp
d:\hqam\zhouyouaccelerator\zhouyouaccelerator\x64\release\\uic\ui_aboutzhouyouwidget.h
d:\hqam\zhouyouaccelerator\zhouyouaccelerator\x64\release\\uic\ui_chageuseraccountwidget.h
d:\hqam\zhouyouaccelerator\zhouyouaccelerator\x64\release\\uic\ui_feedbackwidget.h
d:\hqam\zhouyouaccelerator\zhouyouaccelerator\x64\release\\uic\ui_logininterface.h
d:\hqam\zhouyouaccelerator\zhouyouaccelerator\x64\release\\uic\ui_personalcenterwidget.h
d:\hqam\zhouyouaccelerator\zhouyouaccelerator\x64\release\\uic\ui_stationdetailsinfomationwidget.h
d:\hqam\zhouyouaccelerator\zhouyouaccelerator\x64\release\\uic\ui_stationinformationwidget.h
d:\hqam\zhouyouaccelerator\zhouyouaccelerator\x64\release\\uic\ui_systemsettingwidget.h
d:\hqam\zhouyouaccelerator\zhouyouaccelerator\x64\release\\uic\ui_zhouyouaccelerator.h
d:\hqam\zhouyouaccelerator\zhouyouaccelerator\x64\release\uic\ui_aboutzhouyouwidget.h
d:\hqam\zhouyouaccelerator\zhouyouaccelerator\x64\release\uic\ui_chageuseraccountwidget.h
d:\hqam\zhouyouaccelerator\zhouyouaccelerator\x64\release\uic\ui_feedbackwidget.h
d:\hqam\zhouyouaccelerator\zhouyouaccelerator\x64\release\uic\ui_logininterface.h
d:\hqam\zhouyouaccelerator\zhouyouaccelerator\x64\release\uic\ui_personalcenterwidget.h
d:\hqam\zhouyouaccelerator\zhouyouaccelerator\x64\release\uic\ui_stationdetailsinfomationwidget.h
d:\hqam\zhouyouaccelerator\zhouyouaccelerator\x64\release\uic\ui_stationinformationwidget.h
d:\hqam\zhouyouaccelerator\zhouyouaccelerator\x64\release\uic\ui_systemsettingwidget.h
d:\hqam\zhouyouaccelerator\zhouyouaccelerator\x64\release\uic\ui_zhouyouaccelerator.h
d:\hqam\zhouyouaccelerator\zhouyouaccelerator\x64\release\rcc\qrc_image.cpp
d:\hqam\zhouyouaccelerator\zhouyouaccelerator\x64\release\rcc\qrc_zhouyouaccelerator.cpp
d:\hqam\zhouyouaccelerator\zhouyouaccelerator\x64\release\moc\moc_zhouyouaccelerator.cpp
d:\hqam\zhouyouaccelerator\zhouyouaccelerator\x64\release\moc\moc_aboutzhouyouwidget.cpp
d:\hqam\zhouyouaccelerator\zhouyouaccelerator\x64\release\moc\moc_feedbackwidget.cpp
d:\hqam\zhouyouaccelerator\zhouyouaccelerator\x64\release\moc\moc_systemsettingwidget.cpp
d:\hqam\zhouyouaccelerator\zhouyouaccelerator\x64\release\moc\moc_logininterface.cpp
d:\hqam\zhouyouaccelerator\zhouyouaccelerator\x64\release\moc\moc_personalcenterwidget.cpp
d:\hqam\zhouyouaccelerator\zhouyouaccelerator\x64\release\moc\moc_chageuseraccountwidget.cpp
d:\hqam\zhouyouaccelerator\zhouyouaccelerator\x64\release\moc\moc_interfaceapi.cpp
d:\hqam\zhouyouaccelerator\zhouyouaccelerator\x64\release\moc\moc_stationinformationwidget.cpp
d:\hqam\zhouyouaccelerator\zhouyouaccelerator\x64\release\moc\moc_stationdetailsinfomationwidget.cpp
d:\hqam\zhouyouaccelerator\zhouyouaccelerator\x64\release\zhouyoua.c8689b33.tlog\cl.command.1.tlog
d:\hqam\zhouyouaccelerator\zhouyouaccelerator\x64\release\zhouyoua.c8689b33.tlog\cl.read.1.tlog
d:\hqam\zhouyouaccelerator\zhouyouaccelerator\x64\release\zhouyoua.c8689b33.tlog\cl.write.1.tlog
d:\hqam\zhouyouaccelerator\zhouyouaccelerator\x64\release\zhouyoua.c8689b33.tlog\link.command.1.tlog
d:\hqam\zhouyouaccelerator\zhouyouaccelerator\x64\release\zhouyoua.c8689b33.tlog\link.read.1.tlog
d:\hqam\zhouyouaccelerator\zhouyouaccelerator\x64\release\zhouyoua.c8689b33.tlog\link.write.1.tlog
d:\hqam\zhouyouaccelerator\zhouyouaccelerator\x64\release\zhouyoua.c8689b33.tlog\moc.read.1u.tlog
d:\hqam\zhouyouaccelerator\zhouyouaccelerator\x64\release\zhouyoua.c8689b33.tlog\moc.write.1u.tlog
d:\hqam\zhouyouaccelerator\zhouyouaccelerator\x64\release\zhouyoua.c8689b33.tlog\rcc.read.1u.tlog
d:\hqam\zhouyouaccelerator\zhouyouaccelerator\x64\release\zhouyoua.c8689b33.tlog\rcc.write.1u.tlog
d:\hqam\zhouyouaccelerator\zhouyouaccelerator\x64\release\zhouyoua.c8689b33.tlog\uic.read.1u.tlog
d:\hqam\zhouyouaccelerator\zhouyouaccelerator\x64\release\zhouyoua.c8689b33.tlog\uic.write.1u.tlog
d:\hqam\zhouyouaccelerator\zhouyouaccelerator\x64\release\zhouyoua.c8689b33.tlog\zhouyouaccelerator.write.1u.tlog
