d:\hqam\zhouyouaccelerator\zhouyouaccelerator\x64\debug\aboutzhouyouwidget.obj
d:\hqam\zhouyouaccelerator\zhouyouaccelerator\x64\debug\logininterface.obj
d:\hqam\zhouyouaccelerator\zhouyouaccelerator\x64\debug\systemsettingwidget.obj
d:\hqam\zhouyouaccelerator\zhouyouaccelerator\x64\debug\chageuseraccountwidget.obj
d:\hqam\zhouyouaccelerator\zhouyouaccelerator\x64\debug\personalcenterwidget.obj
d:\hqam\zhouyouaccelerator\zhouyouaccelerator\x64\debug\zhouyouaccelerator.obj
d:\hqam\zhouyouaccelerator\zhouyouaccelerator\x64\debug\feedbackwidget.obj
d:\hqam\zhouyouaccelerator\zhouyouaccelerator\x64\debug\stationdetailsinfomationwidget.obj
d:\hqam\zhouyouaccelerator\zhouyouaccelerator\x64\debug\stationinformationwidget.obj
d:\hqam\zhouyouaccelerator\zhouyouaccelerator\x64\debug\interfaceapi.obj
d:\hqam\zhouyouaccelerator\zhouyouaccelerator\x64\debug\main.obj
d:\hqam\zhouyouaccelerator\zhouyouaccelerator\x64\debug\vc140.pdb
d:\hqam\zhouyouaccelerator\zhouyouaccelerator\x64\debug\moc_aboutzhouyouwidget.obj
d:\hqam\zhouyouaccelerator\zhouyouaccelerator\x64\debug\moc_logininterface.obj
d:\hqam\zhouyouaccelerator\zhouyouaccelerator\x64\debug\moc_stationinformationwidget.obj
d:\hqam\zhouyouaccelerator\zhouyouaccelerator\x64\debug\moc_zhouyouaccelerator.obj
d:\hqam\zhouyouaccelerator\zhouyouaccelerator\x64\debug\moc_chageuseraccountwidget.obj
d:\hqam\zhouyouaccelerator\zhouyouaccelerator\x64\debug\qrc_image.obj
d:\hqam\zhouyouaccelerator\zhouyouaccelerator\x64\debug\moc_systemsettingwidget.obj
d:\hqam\zhouyouaccelerator\zhouyouaccelerator\x64\debug\moc_interfaceapi.obj
d:\hqam\zhouyouaccelerator\zhouyouaccelerator\x64\debug\qrc_zhouyouaccelerator.obj
d:\hqam\zhouyouaccelerator\zhouyouaccelerator\x64\debug\moc_feedbackwidget.obj
d:\hqam\zhouyouaccelerator\zhouyouaccelerator\x64\debug\moc_personalcenterwidget.obj
d:\hqam\zhouyouaccelerator\zhouyouaccelerator\x64\debug\moc_stationdetailsinfomationwidget.obj
d:\hqam\zhouyouaccelerator\x64\debug\zhouyouaccelerator.ilk
d:\hqam\zhouyouaccelerator\x64\debug\zhouyouaccelerator.exe
d:\hqam\zhouyouaccelerator\x64\debug\zhouyouaccelerator.pdb
d:\hqam\zhouyouaccelerator\zhouyouaccelerator\x64\debug\\moc\moc_zhouyouaccelerator.cpp
d:\hqam\zhouyouaccelerator\zhouyouaccelerator\x64\debug\\moc\moc_aboutzhouyouwidget.cpp
d:\hqam\zhouyouaccelerator\zhouyouaccelerator\x64\debug\\moc\moc_feedbackwidget.cpp
d:\hqam\zhouyouaccelerator\zhouyouaccelerator\x64\debug\\moc\moc_systemsettingwidget.cpp
d:\hqam\zhouyouaccelerator\zhouyouaccelerator\x64\debug\\moc\moc_logininterface.cpp
d:\hqam\zhouyouaccelerator\zhouyouaccelerator\x64\debug\\moc\moc_personalcenterwidget.cpp
d:\hqam\zhouyouaccelerator\zhouyouaccelerator\x64\debug\\moc\moc_chageuseraccountwidget.cpp
d:\hqam\zhouyouaccelerator\zhouyouaccelerator\x64\debug\\moc\moc_interfaceapi.cpp
d:\hqam\zhouyouaccelerator\zhouyouaccelerator\x64\debug\\moc\moc_stationinformationwidget.cpp
d:\hqam\zhouyouaccelerator\zhouyouaccelerator\x64\debug\\moc\moc_stationdetailsinfomationwidget.cpp
d:\hqam\zhouyouaccelerator\zhouyouaccelerator\x64\debug\\rcc\qrc_image.cpp
d:\hqam\zhouyouaccelerator\zhouyouaccelerator\x64\debug\\rcc\qrc_zhouyouaccelerator.cpp
d:\hqam\zhouyouaccelerator\zhouyouaccelerator\x64\debug\\uic\ui_aboutzhouyouwidget.h
d:\hqam\zhouyouaccelerator\zhouyouaccelerator\x64\debug\\uic\ui_chageuseraccountwidget.h
d:\hqam\zhouyouaccelerator\zhouyouaccelerator\x64\debug\\uic\ui_feedbackwidget.h
d:\hqam\zhouyouaccelerator\zhouyouaccelerator\x64\debug\\uic\ui_logininterface.h
d:\hqam\zhouyouaccelerator\zhouyouaccelerator\x64\debug\\uic\ui_personalcenterwidget.h
d:\hqam\zhouyouaccelerator\zhouyouaccelerator\x64\debug\\uic\ui_stationdetailsinfomationwidget.h
d:\hqam\zhouyouaccelerator\zhouyouaccelerator\x64\debug\\uic\ui_stationinformationwidget.h
d:\hqam\zhouyouaccelerator\zhouyouaccelerator\x64\debug\\uic\ui_systemsettingwidget.h
d:\hqam\zhouyouaccelerator\zhouyouaccelerator\x64\debug\\uic\ui_zhouyouaccelerator.h
d:\hqam\zhouyouaccelerator\zhouyouaccelerator\x64\debug\uic\ui_aboutzhouyouwidget.h
d:\hqam\zhouyouaccelerator\zhouyouaccelerator\x64\debug\uic\ui_chageuseraccountwidget.h
d:\hqam\zhouyouaccelerator\zhouyouaccelerator\x64\debug\uic\ui_feedbackwidget.h
d:\hqam\zhouyouaccelerator\zhouyouaccelerator\x64\debug\uic\ui_logininterface.h
d:\hqam\zhouyouaccelerator\zhouyouaccelerator\x64\debug\uic\ui_personalcenterwidget.h
d:\hqam\zhouyouaccelerator\zhouyouaccelerator\x64\debug\uic\ui_stationdetailsinfomationwidget.h
d:\hqam\zhouyouaccelerator\zhouyouaccelerator\x64\debug\uic\ui_stationinformationwidget.h
d:\hqam\zhouyouaccelerator\zhouyouaccelerator\x64\debug\uic\ui_systemsettingwidget.h
d:\hqam\zhouyouaccelerator\zhouyouaccelerator\x64\debug\uic\ui_zhouyouaccelerator.h
d:\hqam\zhouyouaccelerator\zhouyouaccelerator\x64\debug\rcc\qrc_image.cpp
d:\hqam\zhouyouaccelerator\zhouyouaccelerator\x64\debug\rcc\qrc_zhouyouaccelerator.cpp
d:\hqam\zhouyouaccelerator\zhouyouaccelerator\x64\debug\moc\moc_zhouyouaccelerator.cpp
d:\hqam\zhouyouaccelerator\zhouyouaccelerator\x64\debug\moc\moc_aboutzhouyouwidget.cpp
d:\hqam\zhouyouaccelerator\zhouyouaccelerator\x64\debug\moc\moc_feedbackwidget.cpp
d:\hqam\zhouyouaccelerator\zhouyouaccelerator\x64\debug\moc\moc_systemsettingwidget.cpp
d:\hqam\zhouyouaccelerator\zhouyouaccelerator\x64\debug\moc\moc_logininterface.cpp
d:\hqam\zhouyouaccelerator\zhouyouaccelerator\x64\debug\moc\moc_personalcenterwidget.cpp
d:\hqam\zhouyouaccelerator\zhouyouaccelerator\x64\debug\moc\moc_chageuseraccountwidget.cpp
d:\hqam\zhouyouaccelerator\zhouyouaccelerator\x64\debug\moc\moc_interfaceapi.cpp
d:\hqam\zhouyouaccelerator\zhouyouaccelerator\x64\debug\moc\moc_stationinformationwidget.cpp
d:\hqam\zhouyouaccelerator\zhouyouaccelerator\x64\debug\moc\moc_stationdetailsinfomationwidget.cpp
d:\hqam\zhouyouaccelerator\zhouyouaccelerator\x64\debug\zhouyoua.c8689b33.tlog\cl.command.1.tlog
d:\hqam\zhouyouaccelerator\zhouyouaccelerator\x64\debug\zhouyoua.c8689b33.tlog\cl.read.1.tlog
d:\hqam\zhouyouaccelerator\zhouyouaccelerator\x64\debug\zhouyoua.c8689b33.tlog\cl.write.1.tlog
d:\hqam\zhouyouaccelerator\zhouyouaccelerator\x64\debug\zhouyoua.c8689b33.tlog\link.command.1.tlog
d:\hqam\zhouyouaccelerator\zhouyouaccelerator\x64\debug\zhouyoua.c8689b33.tlog\link.read.1.tlog
d:\hqam\zhouyouaccelerator\zhouyouaccelerator\x64\debug\zhouyoua.c8689b33.tlog\link.write.1.tlog
d:\hqam\zhouyouaccelerator\zhouyouaccelerator\x64\debug\zhouyoua.c8689b33.tlog\moc.read.1u.tlog
d:\hqam\zhouyouaccelerator\zhouyouaccelerator\x64\debug\zhouyoua.c8689b33.tlog\moc.write.1u.tlog
d:\hqam\zhouyouaccelerator\zhouyouaccelerator\x64\debug\zhouyoua.c8689b33.tlog\rcc.read.1u.tlog
d:\hqam\zhouyouaccelerator\zhouyouaccelerator\x64\debug\zhouyoua.c8689b33.tlog\rcc.write.1u.tlog
d:\hqam\zhouyouaccelerator\zhouyouaccelerator\x64\debug\zhouyoua.c8689b33.tlog\uic.read.1u.tlog
d:\hqam\zhouyouaccelerator\zhouyouaccelerator\x64\debug\zhouyoua.c8689b33.tlog\uic.write.1u.tlog
d:\hqam\zhouyouaccelerator\zhouyouaccelerator\x64\debug\zhouyoua.c8689b33.tlog\zhouyouaccelerator.write.1u.tlog
